03-06-2018 01:50:10.992 [main] INFO  com.axisrooms.pms.PmsApplication.logStarting - Starting PmsApplication on tech-Latitude-3480 with PID 9085 (/home/tech/project/pms/out/production/classes started by tech in /home/tech/project/pms)
03-06-2018 01:50:10.996 [main] DEBUG com.axisrooms.pms.PmsApplication.logStarting - Running with Spring Boot v2.0.2.RELEASE, Spring v5.0.6.RELEASE
03-06-2018 01:50:10.998 [main] INFO  com.axisrooms.pms.PmsApplication.logStartupProfileInfo - No active profile set, falling back to default profiles: default
03-06-2018 01:50:11.142 [main] INFO  o.s.b.w.s.c.AnnotationConfigServletWebServerApplicationContext.prepareRefresh - Refreshing org.springframework.boot.web.servlet.context.AnnotationConfigServletWebServerApplicationContext@9225652: startup date [Sun Jun 03 01:50:11 IST 2018]; root of context hierarchy
03-06-2018 01:50:11.885 [main] INFO  o.s.d.r.c.RepositoryConfigurationDelegate.multipleStoresDetected - Multiple Spring Data modules found, entering strict repository configuration mode!
03-06-2018 01:50:12.131 [main] INFO  o.s.d.r.c.RepositoryConfigurationDelegate.multipleStoresDetected - Multiple Spring Data modules found, entering strict repository configuration mode!
03-06-2018 01:50:12.142 [main] INFO  o.s.d.r.c.RepositoryConfigurationExtensionSupport.isStrictRepositoryCandidate - Spring Data Redis - Could not safely identify store assignment for repository candidate interface com.axisrooms.pms.repo.InventoryRepository.
03-06-2018 01:50:12.455 [main] INFO  o.s.c.s.PostProcessorRegistrationDelegate$BeanPostProcessorChecker.postProcessAfterInitialization - Bean 'pmsApplication' of type [com.axisrooms.pms.PmsApplication$$EnhancerBySpringCGLIB$$6550b018] is not eligible for getting processed by all BeanPostProcessors (for example: not eligible for auto-proxying)
03-06-2018 01:50:12.458 [main] INFO  o.s.s.c.ThreadPoolTaskExecutor.initialize - Initializing ExecutorService 
03-06-2018 01:50:12.540 [main] INFO  o.s.c.s.PostProcessorRegistrationDelegate$BeanPostProcessorChecker.postProcessAfterInitialization - Bean 'org.springframework.transaction.annotation.ProxyTransactionManagementConfiguration' of type [org.springframework.transaction.annotation.ProxyTransactionManagementConfiguration$$EnhancerBySpringCGLIB$$16c0afd] is not eligible for getting processed by all BeanPostProcessors (for example: not eligible for auto-proxying)
03-06-2018 01:50:12.767 [main] INFO  o.s.b.w.e.tomcat.TomcatWebServer.initialize - Tomcat initialized with port(s): 8082 (http)
03-06-2018 01:50:12.784 [main] INFO  o.a.catalina.core.StandardService.log - Starting service [Tomcat]
03-06-2018 01:50:12.784 [main] INFO  o.a.catalina.core.StandardEngine.log - Starting Servlet Engine: Apache Tomcat/8.5.31
03-06-2018 01:50:12.788 [localhost-startStop-1] INFO  o.a.c.core.AprLifecycleListener.log - The APR based Apache Tomcat Native library which allows optimal performance in production environments was not found on the java.library.path: [/usr/java/packages/lib/amd64:/usr/lib64:/lib64:/lib:/usr/lib]
03-06-2018 01:50:12.858 [localhost-startStop-1] INFO  o.a.c.c.C.[Tomcat].[localhost].[/].log - Initializing Spring embedded WebApplicationContext
03-06-2018 01:50:13.603 [localhost-startStop-1] INFO  o.s.b.w.s.FilterRegistrationBean.configure - Mapping filter: 'characterEncodingFilter' to: [/*]
03-06-2018 01:50:13.604 [localhost-startStop-1] INFO  o.s.b.w.s.FilterRegistrationBean.configure - Mapping filter: 'hiddenHttpMethodFilter' to: [/*]
03-06-2018 01:50:13.604 [localhost-startStop-1] INFO  o.s.b.w.s.FilterRegistrationBean.configure - Mapping filter: 'httpPutFormContentFilter' to: [/*]
03-06-2018 01:50:13.604 [localhost-startStop-1] INFO  o.s.b.w.s.FilterRegistrationBean.configure - Mapping filter: 'requestContextFilter' to: [/*]
03-06-2018 01:50:13.605 [localhost-startStop-1] INFO  o.s.b.w.s.DelegatingFilterProxyRegistrationBean.configure - Mapping filter: 'springSecurityFilterChain' to: [/*]
03-06-2018 01:50:13.605 [localhost-startStop-1] INFO  o.s.b.w.s.FilterRegistrationBean.configure - Mapping filter: 'httpTraceFilter' to: [/*]
03-06-2018 01:50:13.605 [localhost-startStop-1] INFO  o.s.b.w.s.FilterRegistrationBean.configure - Mapping filter: 'webMvcMetricsFilter' to: [/*]
03-06-2018 01:50:13.605 [localhost-startStop-1] INFO  o.s.b.w.s.ServletRegistrationBean.addRegistration - Servlet dispatcherServlet mapped to [/]
03-06-2018 01:50:13.669 [main] INFO  com.zaxxer.hikari.HikariDataSource.getConnection - HikariPool-1 - Starting...
03-06-2018 01:50:13.714 [main] INFO  com.zaxxer.hikari.HikariDataSource.getConnection - HikariPool-1 - Start completed.
03-06-2018 01:50:13.742 [main] INFO  o.s.o.j.LocalContainerEntityManagerFactoryBean.createNativeEntityManagerFactory - Building JPA container EntityManagerFactory for persistence unit 'default'
03-06-2018 01:50:13.752 [main] INFO  o.h.jpa.internal.util.LogHelper.logPersistenceUnitInformation - HHH000204: Processing PersistenceUnitInfo [
	name: default
	...]
03-06-2018 01:50:13.794 [main] INFO  org.hibernate.Version.logVersion - HHH000412: Hibernate Core {5.2.17.Final}
03-06-2018 01:50:13.795 [main] INFO  org.hibernate.cfg.Environment.<clinit> - HHH000206: hibernate.properties not found
03-06-2018 01:50:13.828 [main] INFO  o.h.annotations.common.Version.<clinit> - HCANN000001: Hibernate Commons Annotations {5.0.1.Final}
03-06-2018 01:50:13.919 [main] INFO  org.hibernate.dialect.Dialect.<init> - HHH000400: Using dialect: org.hibernate.dialect.PostgreSQL95Dialect
03-06-2018 01:50:13.994 [main] INFO  o.h.e.j.e.i.LobCreatorBuilderImpl.useContextualLobCreation - HHH000421: Disabling contextual LOB creation as hibernate.jdbc.lob.non_contextual_creation is true
03-06-2018 01:50:13.995 [main] INFO  org.hibernate.type.BasicTypeRegistry.register - HHH000270: Type registration [java.util.UUID] overrides previous : org.hibernate.type.UUIDBinaryType@4b5a078a
03-06-2018 01:50:14.283 [main] INFO  o.s.o.j.LocalContainerEntityManagerFactoryBean.buildNativeEntityManagerFactory - Initialized JPA EntityManagerFactory for persistence unit 'default'
03-06-2018 01:50:14.791 [main] WARN  o.s.b.a.o.j.JpaBaseConfiguration$JpaWebConfiguration$JpaWebMvcConfiguration.openEntityManagerInViewInterceptor - spring.jpa.open-in-view is enabled by default. Therefore, database queries may be performed during view rendering. Explicitly configure spring.jpa.open-in-view to disable this warning
03-06-2018 01:50:15.318 [main] INFO  o.s.b.a.s.s.UserDetailsServiceAutoConfiguration.getOrDeducePassword - 

Using generated security password: fafcf7d3-bd1e-4ba3-b79c-09d47024af20

03-06-2018 01:50:15.407 [main] INFO  o.s.s.web.DefaultSecurityFilterChain.<init> - Creating filter chain: org.springframework.boot.actuate.autoconfigure.security.servlet.EndpointRequest$EndpointRequestMatcher@2296127, [org.springframework.security.web.context.request.async.WebAsyncManagerIntegrationFilter@5ce3409b, org.springframework.security.web.context.SecurityContextPersistenceFilter@2cee5365, org.springframework.security.web.header.HeaderWriterFilter@11c7a0b4, org.springframework.security.web.csrf.CsrfFilter@1a785fd5, org.springframework.security.web.authentication.logout.LogoutFilter@1a0f349, org.springframework.security.web.savedrequest.RequestCacheAwareFilter@56d6a1b1, org.springframework.security.web.servletapi.SecurityContextHolderAwareRequestFilter@5d829ef0, org.springframework.security.web.authentication.AnonymousAuthenticationFilter@1d283d1, org.springframework.security.web.session.SessionManagementFilter@59a09be, org.springframework.security.web.access.ExceptionTranslationFilter@2b9e69fb, org.springframework.security.web.access.intercept.FilterSecurityInterceptor@1de7f898]
03-06-2018 01:50:15.446 [main] INFO  o.s.b.a.e.web.EndpointLinksResolver.<init> - Exposing 2 endpoint(s) beneath base path '/actuator'
03-06-2018 01:50:15.454 [main] INFO  o.s.b.a.e.w.s.WebMvcEndpointHandlerMapping.register - Mapped "{[/actuator/health],methods=[GET],produces=[application/vnd.spring-boot.actuator.v2+json || application/json]}" onto public java.lang.Object org.springframework.boot.actuate.endpoint.web.servlet.AbstractWebMvcEndpointHandlerMapping$OperationHandler.handle(javax.servlet.http.HttpServletRequest,java.util.Map<java.lang.String, java.lang.String>)
03-06-2018 01:50:15.455 [main] INFO  o.s.b.a.e.w.s.WebMvcEndpointHandlerMapping.register - Mapped "{[/actuator/info],methods=[GET],produces=[application/vnd.spring-boot.actuator.v2+json || application/json]}" onto public java.lang.Object org.springframework.boot.actuate.endpoint.web.servlet.AbstractWebMvcEndpointHandlerMapping$OperationHandler.handle(javax.servlet.http.HttpServletRequest,java.util.Map<java.lang.String, java.lang.String>)
03-06-2018 01:50:15.456 [main] INFO  o.s.b.a.e.w.s.WebMvcEndpointHandlerMapping.register - Mapped "{[/actuator],methods=[GET],produces=[application/vnd.spring-boot.actuator.v2+json || application/json]}" onto protected java.util.Map<java.lang.String, java.util.Map<java.lang.String, org.springframework.boot.actuate.endpoint.web.Link>> org.springframework.boot.actuate.endpoint.web.servlet.WebMvcEndpointHandlerMapping.links(javax.servlet.http.HttpServletRequest,javax.servlet.http.HttpServletResponse)
03-06-2018 01:50:15.502 [main] INFO  o.s.j.e.a.AnnotationMBeanExporter.afterSingletonsInstantiated - Registering beans for JMX exposure on startup
03-06-2018 01:50:15.504 [main] INFO  o.s.j.e.a.AnnotationMBeanExporter.autodetect - Bean with name 'dataSource' has been autodetected for JMX exposure
03-06-2018 01:50:15.510 [main] INFO  o.s.j.e.a.AnnotationMBeanExporter.registerBeanInstance - Located MBean 'dataSource': registering with JMX server as MBean [com.zaxxer.hikari:name=dataSource,type=HikariDataSource]
03-06-2018 01:50:15.542 [main] INFO  o.s.b.w.e.tomcat.TomcatWebServer.start - Tomcat started on port(s): 8082 (http) with context path ''
03-06-2018 01:50:15.545 [main] INFO  com.axisrooms.pms.PmsApplication.logStarted - Started PmsApplication in 5.032 seconds (JVM running for 5.618)
03-06-2018 01:50:16.006 [RMI TCP Connection(8)-127.0.0.1] INFO  o.a.c.c.C.[Tomcat].[localhost].[/].log - Initializing Spring FrameworkServlet 'dispatcherServlet'
03-06-2018 01:50:16.147 [RMI TCP Connection(7)-127.0.0.1] INFO  io.lettuce.core.EpollProvider.info - Starting without optional epoll library
03-06-2018 01:50:16.149 [RMI TCP Connection(7)-127.0.0.1] INFO  io.lettuce.core.KqueueProvider.info - Starting without optional kqueue library
03-06-2018 01:52:55.131 [Thread-16] INFO  o.s.b.w.s.c.AnnotationConfigServletWebServerApplicationContext.doClose - Closing org.springframework.boot.web.servlet.context.AnnotationConfigServletWebServerApplicationContext@9225652: startup date [Sun Jun 03 01:50:11 IST 2018]; root of context hierarchy
03-06-2018 01:52:55.137 [Thread-16] INFO  o.s.j.e.a.AnnotationMBeanExporter.destroy - Unregistering JMX-exposed beans on shutdown
03-06-2018 01:52:55.138 [Thread-16] INFO  o.s.j.e.a.AnnotationMBeanExporter.unregisterBeans - Unregistering JMX-exposed beans
03-06-2018 01:52:55.139 [Thread-16] INFO  o.s.o.j.LocalContainerEntityManagerFactoryBean.destroy - Closing JPA EntityManagerFactory for persistence unit 'default'
03-06-2018 01:52:56.256 [Thread-16] INFO  com.zaxxer.hikari.HikariDataSource.close - HikariPool-1 - Shutdown initiated...
03-06-2018 01:52:56.265 [Thread-16] INFO  com.zaxxer.hikari.HikariDataSource.close - HikariPool-1 - Shutdown completed.
